<?xml version="1.0" encoding="UTF-8"?>
<!-- Generated by org.testng.reporters.JUnitReportReporter -->
<testsuite hostname="DESKTOP-B8R4OMO" failures="0" tests="1" name="com.qa.testscripts.SnapdealLogin" time="15.302" errors="0" timestamp="2023-02-13T16:40:11 IST" skipped="0">
  <testcase classname="com.qa.testscripts.SnapdealLogin" name="testcase_001" time="15.302"/>
  <system-out/>
</testsuite> <!-- com.qa.testscripts.SnapdealLogin -->
